<?xml version="1.0" encoding="UTF-8"?>
<testng-results skipped="0" failed="0" ignored="0" total="1" passed="1">
  <reporter-output>
  </reporter-output>
  <suite name="Default suite" duration-ms="61927" started-at="2020-06-04T19:30:56Z" finished-at="2020-06-04T19:31:58Z">
    <groups>
    </groups>
    <test name="Default test" duration-ms="61927" started-at="2020-06-04T19:30:56Z" finished-at="2020-06-04T19:31:58Z">
      <class name="rediff.LoginTest">
        <test-method status="PASS" signature="beforeMethod()[pri:0, instance:rediff.LoginTest@4667ae56]" name="beforeMethod" is-config="true" duration-ms="20317" started-at="2020-06-04T19:30:56Z" finished-at="2020-06-04T19:31:16Z">
          <reporter-output>
          </reporter-output>
        </test-method> <!-- beforeMethod -->
        <test-method status="PASS" signature="f()[pri:0, instance:rediff.LoginTest@4667ae56]" name="f" duration-ms="41516" started-at="2020-06-04T19:31:16Z" finished-at="2020-06-04T19:31:58Z">
          <reporter-output>
          </reporter-output>
        </test-method> <!-- f -->
        <test-method status="PASS" signature="afterMethod()[pri:0, instance:rediff.LoginTest@4667ae56]" name="afterMethod" is-config="true" duration-ms="1" started-at="2020-06-04T19:31:58Z" finished-at="2020-06-04T19:31:58Z">
          <reporter-output>
          </reporter-output>
        </test-method> <!-- afterMethod -->
      </class> <!-- rediff.LoginTest -->
    </test> <!-- Default test -->
  </suite> <!-- Default suite -->
</testng-results>
